2023-11-23 20:55:51.912 INFO  com.campuswindow.CampusWindowApplication - Starting CampusWindowApplication using Java 1.8.0_171 on LAPTOP-HLKEH0OA with PID 15584 (D:\WorkSpace\Campus-Window\服务端\Campus-Window\target\classes started by 12412 in D:\WorkSpace\Campus-Window\服务端\Campus-Window)
2023-11-23 20:55:51.912 INFO  org.hibernate.validator.internal.util.Version - HV000001: Hibernate Validator 6.2.5.Final
2023-11-23 20:55:51.914 INFO  com.campuswindow.CampusWindowApplication - No active profile set, falling back to 1 default profile: "default"
2023-11-23 20:55:52.802 INFO  o.s.d.r.config.RepositoryConfigurationDelegate - Bootstrapping Spring Data JPA repositories in DEFAULT mode.
2023-11-23 20:55:52.921 INFO  o.s.d.r.config.RepositoryConfigurationDelegate - Finished Spring Data repository scanning in 105 ms. Found 5 JPA repository interfaces.
2023-11-23 20:55:53.618 INFO  o.s.boot.web.embedded.tomcat.TomcatWebServer - Tomcat initialized with port(s): 8080 (http)
2023-11-23 20:55:53.624 INFO  org.apache.coyote.http11.Http11NioProtocol - Initializing ProtocolHandler ["http-nio-8080"]
2023-11-23 20:55:53.626 INFO  org.apache.catalina.core.StandardService - Starting service [Tomcat]
2023-11-23 20:55:53.627 INFO  org.apache.catalina.core.StandardEngine - Starting Servlet engine: [Apache Tomcat/9.0.82]
2023-11-23 20:55:53.817 INFO  o.a.c.core.ContainerBase.[Tomcat].[localhost].[/] - Initializing Spring embedded WebApplicationContext
2023-11-23 20:55:53.817 INFO  o.s.b.w.s.c.ServletWebServerApplicationContext - Root WebApplicationContext: initialization completed in 1867 ms
2023-11-23 20:55:53.978 INFO  org.hibernate.jpa.internal.util.LogHelper - HHH000204: Processing PersistenceUnitInfo [name: default]
2023-11-23 20:55:54.032 INFO  org.hibernate.Version - HHH000412: Hibernate ORM core version 5.6.15.Final
2023-11-23 20:55:54.176 INFO  org.hibernate.annotations.common.Version - HCANN000001: Hibernate Commons Annotations {5.1.2.Final}
2023-11-23 20:55:54.269 INFO  com.zaxxer.hikari.HikariDataSource - HikariPool-1 - Starting...
2023-11-23 20:55:54.525 INFO  com.zaxxer.hikari.HikariDataSource - HikariPool-1 - Start completed.
2023-11-23 20:55:54.535 INFO  org.hibernate.dialect.Dialect - HHH000400: Using dialect: org.hibernate.dialect.MySQL57Dialect
2023-11-23 20:55:55.128 INFO  o.h.e.t.jta.platform.internal.JtaPlatformInitiator - HHH000490: Using JtaPlatform implementation: [org.hibernate.engine.transaction.jta.platform.internal.NoJtaPlatform]
2023-11-23 20:55:55.140 INFO  o.s.orm.jpa.LocalContainerEntityManagerFactoryBean - Initialized JPA EntityManagerFactory for persistence unit 'default'
2023-11-23 20:55:56.189 INFO  org.apache.catalina.core.StandardService - Stopping service [Tomcat]
2023-11-23 20:55:56.198 INFO  o.s.b.a.l.ConditionEvaluationReportLoggingListener - 

Error starting ApplicationContext. To display the conditions report re-run your application with 'debug' enabled.
2023-11-23 20:55:56.225 INFO  o.s.orm.jpa.LocalContainerEntityManagerFactoryBean - Closing JPA EntityManagerFactory for persistence unit 'default'
2023-11-23 20:55:56.226 INFO  com.zaxxer.hikari.HikariDataSource - HikariPool-1 - Shutdown initiated...
2023-11-23 20:55:56.230 INFO  com.zaxxer.hikari.HikariDataSource - HikariPool-1 - Shutdown completed.
2023-11-23 20:56:50.259 INFO  org.hibernate.validator.internal.util.Version - HV000001: Hibernate Validator 6.2.5.Final
2023-11-23 20:56:50.259 INFO  com.campuswindow.CampusWindowApplication - Starting CampusWindowApplication using Java 1.8.0_171 on LAPTOP-HLKEH0OA with PID 19820 (D:\WorkSpace\Campus-Window\服务端\Campus-Window\target\classes started by 12412 in D:\WorkSpace\Campus-Window\服务端\Campus-Window)
2023-11-23 20:56:50.261 INFO  com.campuswindow.CampusWindowApplication - No active profile set, falling back to 1 default profile: "default"
2023-11-23 20:56:50.738 INFO  o.s.d.r.config.RepositoryConfigurationDelegate - Bootstrapping Spring Data JPA repositories in DEFAULT mode.
2023-11-23 20:56:50.789 INFO  o.s.d.r.config.RepositoryConfigurationDelegate - Finished Spring Data repository scanning in 44 ms. Found 5 JPA repository interfaces.
2023-11-23 20:56:51.174 INFO  o.s.boot.web.embedded.tomcat.TomcatWebServer - Tomcat initialized with port(s): 8080 (http)
2023-11-23 20:56:51.180 INFO  org.apache.coyote.http11.Http11NioProtocol - Initializing ProtocolHandler ["http-nio-8080"]
2023-11-23 20:56:51.182 INFO  org.apache.catalina.core.StandardService - Starting service [Tomcat]
2023-11-23 20:56:51.182 INFO  org.apache.catalina.core.StandardEngine - Starting Servlet engine: [Apache Tomcat/9.0.82]
2023-11-23 20:56:51.351 INFO  o.a.c.core.ContainerBase.[Tomcat].[localhost].[/] - Initializing Spring embedded WebApplicationContext
2023-11-23 20:56:51.351 INFO  o.s.b.w.s.c.ServletWebServerApplicationContext - Root WebApplicationContext: initialization completed in 1066 ms
2023-11-23 20:56:51.452 INFO  org.hibernate.jpa.internal.util.LogHelper - HHH000204: Processing PersistenceUnitInfo [name: default]
2023-11-23 20:56:51.481 INFO  org.hibernate.Version - HHH000412: Hibernate ORM core version 5.6.15.Final
2023-11-23 20:56:51.572 INFO  org.hibernate.annotations.common.Version - HCANN000001: Hibernate Commons Annotations {5.1.2.Final}
2023-11-23 20:56:51.634 INFO  com.zaxxer.hikari.HikariDataSource - HikariPool-1 - Starting...
2023-11-23 20:56:51.869 INFO  com.zaxxer.hikari.HikariDataSource - HikariPool-1 - Start completed.
2023-11-23 20:56:51.876 INFO  org.hibernate.dialect.Dialect - HHH000400: Using dialect: org.hibernate.dialect.MySQL57Dialect
2023-11-23 20:56:52.285 INFO  o.h.e.t.jta.platform.internal.JtaPlatformInitiator - HHH000490: Using JtaPlatform implementation: [org.hibernate.engine.transaction.jta.platform.internal.NoJtaPlatform]
2023-11-23 20:56:52.293 INFO  o.s.orm.jpa.LocalContainerEntityManagerFactoryBean - Initialized JPA EntityManagerFactory for persistence unit 'default'
2023-11-23 20:56:53.068 INFO  org.apache.coyote.http11.Http11NioProtocol - Starting ProtocolHandler ["http-nio-8080"]
2023-11-23 20:56:53.082 INFO  o.s.boot.web.embedded.tomcat.TomcatWebServer - Tomcat started on port(s): 8080 (http) with context path ''
2023-11-23 20:56:53.089 INFO  com.campuswindow.CampusWindowApplication - Started CampusWindowApplication in 3.143 seconds (JVM running for 3.896)
2023-11-23 20:57:45.909 INFO  o.a.c.core.ContainerBase.[Tomcat].[localhost].[/] - Initializing Spring DispatcherServlet 'dispatcherServlet'
2023-11-23 20:57:45.910 INFO  org.springframework.web.servlet.DispatcherServlet - Initializing Servlet 'dispatcherServlet'
2023-11-23 20:57:45.911 INFO  org.springframework.web.servlet.DispatcherServlet - Completed initialization in 1 ms
2023-11-23 20:57:46.054 INFO  com.campuswindow.user.controller.UserController - 用户模块：用户不存在
2023-11-23 20:58:14.624 INFO  o.s.orm.jpa.LocalContainerEntityManagerFactoryBean - Closing JPA EntityManagerFactory for persistence unit 'default'
2023-11-23 20:58:14.626 INFO  com.zaxxer.hikari.HikariDataSource - HikariPool-1 - Shutdown initiated...
2023-11-23 20:58:14.628 INFO  com.zaxxer.hikari.HikariDataSource - HikariPool-1 - Shutdown completed.
2023-11-23 21:01:38.079 INFO  com.campuswindow.CampusWindowApplication - Starting CampusWindowApplication using Java 1.8.0_171 on LAPTOP-HLKEH0OA with PID 17324 (D:\WorkSpace\Campus-Window\服务端\Campus-Window\target\classes started by 12412 in D:\WorkSpace\Campus-Window\服务端\Campus-Window)
2023-11-23 21:01:38.079 INFO  org.hibernate.validator.internal.util.Version - HV000001: Hibernate Validator 6.2.5.Final
2023-11-23 21:01:38.081 INFO  com.campuswindow.CampusWindowApplication - No active profile set, falling back to 1 default profile: "default"
2023-11-23 21:01:38.579 INFO  o.s.d.r.config.RepositoryConfigurationDelegate - Bootstrapping Spring Data JPA repositories in DEFAULT mode.
2023-11-23 21:01:38.629 INFO  o.s.d.r.config.RepositoryConfigurationDelegate - Finished Spring Data repository scanning in 43 ms. Found 5 JPA repository interfaces.
2023-11-23 21:01:38.957 INFO  o.s.boot.web.embedded.tomcat.TomcatWebServer - Tomcat initialized with port(s): 8080 (http)
2023-11-23 21:01:38.962 INFO  org.apache.coyote.http11.Http11NioProtocol - Initializing ProtocolHandler ["http-nio-8080"]
2023-11-23 21:01:38.963 INFO  org.apache.catalina.core.StandardService - Starting service [Tomcat]
2023-11-23 21:01:38.963 INFO  org.apache.catalina.core.StandardEngine - Starting Servlet engine: [Apache Tomcat/9.0.82]
2023-11-23 21:01:39.111 INFO  o.a.c.core.ContainerBase.[Tomcat].[localhost].[/] - Initializing Spring embedded WebApplicationContext
2023-11-23 21:01:39.111 INFO  o.s.b.w.s.c.ServletWebServerApplicationContext - Root WebApplicationContext: initialization completed in 1003 ms
2023-11-23 21:01:39.205 INFO  org.hibernate.jpa.internal.util.LogHelper - HHH000204: Processing PersistenceUnitInfo [name: default]
2023-11-23 21:01:39.234 INFO  org.hibernate.Version - HHH000412: Hibernate ORM core version 5.6.15.Final
2023-11-23 21:01:39.328 INFO  org.hibernate.annotations.common.Version - HCANN000001: Hibernate Commons Annotations {5.1.2.Final}
2023-11-23 21:01:39.390 INFO  com.zaxxer.hikari.HikariDataSource - HikariPool-1 - Starting...
2023-11-23 21:01:39.634 INFO  com.zaxxer.hikari.HikariDataSource - HikariPool-1 - Start completed.
2023-11-23 21:01:39.642 INFO  org.hibernate.dialect.Dialect - HHH000400: Using dialect: org.hibernate.dialect.MySQL57Dialect
2023-11-23 21:01:40.037 INFO  o.h.e.t.jta.platform.internal.JtaPlatformInitiator - HHH000490: Using JtaPlatform implementation: [org.hibernate.engine.transaction.jta.platform.internal.NoJtaPlatform]
2023-11-23 21:01:40.045 INFO  o.s.orm.jpa.LocalContainerEntityManagerFactoryBean - Initialized JPA EntityManagerFactory for persistence unit 'default'
2023-11-23 21:01:40.848 INFO  org.apache.coyote.http11.Http11NioProtocol - Starting ProtocolHandler ["http-nio-8080"]
2023-11-23 21:01:40.861 INFO  o.s.boot.web.embedded.tomcat.TomcatWebServer - Tomcat started on port(s): 8080 (http) with context path ''
2023-11-23 21:01:40.868 INFO  com.campuswindow.CampusWindowApplication - Started CampusWindowApplication in 3.106 seconds (JVM running for 3.895)
2023-11-23 21:02:32.502 INFO  o.a.c.core.ContainerBase.[Tomcat].[localhost].[/] - Initializing Spring DispatcherServlet 'dispatcherServlet'
2023-11-23 21:02:32.502 INFO  org.springframework.web.servlet.DispatcherServlet - Initializing Servlet 'dispatcherServlet'
2023-11-23 21:02:32.503 INFO  org.springframework.web.servlet.DispatcherServlet - Completed initialization in 1 ms
2023-11-23 21:02:57.663 INFO  o.s.orm.jpa.LocalContainerEntityManagerFactoryBean - Closing JPA EntityManagerFactory for persistence unit 'default'
2023-11-23 21:02:57.664 INFO  com.zaxxer.hikari.HikariDataSource - HikariPool-1 - Shutdown initiated...
2023-11-23 21:02:57.667 INFO  com.zaxxer.hikari.HikariDataSource - HikariPool-1 - Shutdown completed.
2023-11-23 21:03:33.892 INFO  org.hibernate.validator.internal.util.Version - HV000001: Hibernate Validator 6.2.5.Final
2023-11-23 21:03:33.892 INFO  com.campuswindow.CampusWindowApplication - Starting CampusWindowApplication using Java 1.8.0_171 on LAPTOP-HLKEH0OA with PID 19904 (D:\WorkSpace\Campus-Window\服务端\Campus-Window\target\classes started by 12412 in D:\WorkSpace\Campus-Window\服务端\Campus-Window)
2023-11-23 21:03:33.894 INFO  com.campuswindow.CampusWindowApplication - No active profile set, falling back to 1 default profile: "default"
2023-11-23 21:03:34.375 INFO  o.s.d.r.config.RepositoryConfigurationDelegate - Bootstrapping Spring Data JPA repositories in DEFAULT mode.
2023-11-23 21:03:34.426 INFO  o.s.d.r.config.RepositoryConfigurationDelegate - Finished Spring Data repository scanning in 44 ms. Found 5 JPA repository interfaces.
2023-11-23 21:03:34.758 INFO  o.s.boot.web.embedded.tomcat.TomcatWebServer - Tomcat initialized with port(s): 8080 (http)
2023-11-23 21:03:34.763 INFO  org.apache.coyote.http11.Http11NioProtocol - Initializing ProtocolHandler ["http-nio-8080"]
2023-11-23 21:03:34.764 INFO  org.apache.catalina.core.StandardService - Starting service [Tomcat]
2023-11-23 21:03:34.764 INFO  org.apache.catalina.core.StandardEngine - Starting Servlet engine: [Apache Tomcat/9.0.82]
2023-11-23 21:03:34.896 INFO  o.a.c.core.ContainerBase.[Tomcat].[localhost].[/] - Initializing Spring embedded WebApplicationContext
2023-11-23 21:03:34.897 INFO  o.s.b.w.s.c.ServletWebServerApplicationContext - Root WebApplicationContext: initialization completed in 975 ms
2023-11-23 21:03:34.985 INFO  org.hibernate.jpa.internal.util.LogHelper - HHH000204: Processing PersistenceUnitInfo [name: default]
2023-11-23 21:03:35.013 INFO  org.hibernate.Version - HHH000412: Hibernate ORM core version 5.6.15.Final
2023-11-23 21:03:35.101 INFO  org.hibernate.annotations.common.Version - HCANN000001: Hibernate Commons Annotations {5.1.2.Final}
2023-11-23 21:03:35.163 INFO  com.zaxxer.hikari.HikariDataSource - HikariPool-1 - Starting...
2023-11-23 21:03:35.456 INFO  com.zaxxer.hikari.HikariDataSource - HikariPool-1 - Start completed.
2023-11-23 21:03:35.463 INFO  org.hibernate.dialect.Dialect - HHH000400: Using dialect: org.hibernate.dialect.MySQL57Dialect
2023-11-23 21:03:35.861 INFO  o.h.e.t.jta.platform.internal.JtaPlatformInitiator - HHH000490: Using JtaPlatform implementation: [org.hibernate.engine.transaction.jta.platform.internal.NoJtaPlatform]
2023-11-23 21:03:35.869 INFO  o.s.orm.jpa.LocalContainerEntityManagerFactoryBean - Initialized JPA EntityManagerFactory for persistence unit 'default'
2023-11-23 21:03:36.645 INFO  org.apache.coyote.http11.Http11NioProtocol - Starting ProtocolHandler ["http-nio-8080"]
2023-11-23 21:03:36.658 INFO  o.s.boot.web.embedded.tomcat.TomcatWebServer - Tomcat started on port(s): 8080 (http) with context path ''
2023-11-23 21:03:36.665 INFO  com.campuswindow.CampusWindowApplication - Started CampusWindowApplication in 3.098 seconds (JVM running for 3.851)
2023-11-23 21:03:41.764 INFO  o.a.c.core.ContainerBase.[Tomcat].[localhost].[/] - Initializing Spring DispatcherServlet 'dispatcherServlet'
2023-11-23 21:03:41.764 INFO  org.springframework.web.servlet.DispatcherServlet - Initializing Servlet 'dispatcherServlet'
2023-11-23 21:03:41.765 INFO  org.springframework.web.servlet.DispatcherServlet - Completed initialization in 1 ms
2023-11-23 21:04:22.900 INFO  o.s.orm.jpa.LocalContainerEntityManagerFactoryBean - Closing JPA EntityManagerFactory for persistence unit 'default'
2023-11-23 21:04:22.902 INFO  com.zaxxer.hikari.HikariDataSource - HikariPool-1 - Shutdown initiated...
2023-11-23 21:04:22.907 INFO  com.zaxxer.hikari.HikariDataSource - HikariPool-1 - Shutdown completed.
2023-11-23 21:04:27.931 INFO  com.campuswindow.CampusWindowApplication - Starting CampusWindowApplication using Java 1.8.0_171 on LAPTOP-HLKEH0OA with PID 4732 (D:\WorkSpace\Campus-Window\服务端\Campus-Window\target\classes started by 12412 in D:\WorkSpace\Campus-Window\服务端\Campus-Window)
2023-11-23 21:04:27.931 INFO  org.hibernate.validator.internal.util.Version - HV000001: Hibernate Validator 6.2.5.Final
2023-11-23 21:04:27.933 INFO  com.campuswindow.CampusWindowApplication - No active profile set, falling back to 1 default profile: "default"
2023-11-23 21:04:28.407 INFO  o.s.d.r.config.RepositoryConfigurationDelegate - Bootstrapping Spring Data JPA repositories in DEFAULT mode.
2023-11-23 21:04:28.460 INFO  o.s.d.r.config.RepositoryConfigurationDelegate - Finished Spring Data repository scanning in 46 ms. Found 5 JPA repository interfaces.
2023-11-23 21:04:28.789 INFO  o.s.boot.web.embedded.tomcat.TomcatWebServer - Tomcat initialized with port(s): 8080 (http)
2023-11-23 21:04:28.795 INFO  org.apache.coyote.http11.Http11NioProtocol - Initializing ProtocolHandler ["http-nio-8080"]
2023-11-23 21:04:28.796 INFO  org.apache.catalina.core.StandardService - Starting service [Tomcat]
2023-11-23 21:04:28.796 INFO  org.apache.catalina.core.StandardEngine - Starting Servlet engine: [Apache Tomcat/9.0.82]
2023-11-23 21:04:28.933 INFO  o.a.c.core.ContainerBase.[Tomcat].[localhost].[/] - Initializing Spring embedded WebApplicationContext
2023-11-23 21:04:28.933 INFO  o.s.b.w.s.c.ServletWebServerApplicationContext - Root WebApplicationContext: initialization completed in 974 ms
2023-11-23 21:04:29.020 INFO  org.hibernate.jpa.internal.util.LogHelper - HHH000204: Processing PersistenceUnitInfo [name: default]
2023-11-23 21:04:29.048 INFO  org.hibernate.Version - HHH000412: Hibernate ORM core version 5.6.15.Final
2023-11-23 21:04:29.135 INFO  org.hibernate.annotations.common.Version - HCANN000001: Hibernate Commons Annotations {5.1.2.Final}
2023-11-23 21:04:29.197 INFO  com.zaxxer.hikari.HikariDataSource - HikariPool-1 - Starting...
2023-11-23 21:04:29.428 INFO  com.zaxxer.hikari.HikariDataSource - HikariPool-1 - Start completed.
2023-11-23 21:04:29.435 INFO  org.hibernate.dialect.Dialect - HHH000400: Using dialect: org.hibernate.dialect.MySQL57Dialect
2023-11-23 21:04:29.862 INFO  o.h.e.t.jta.platform.internal.JtaPlatformInitiator - HHH000490: Using JtaPlatform implementation: [org.hibernate.engine.transaction.jta.platform.internal.NoJtaPlatform]
2023-11-23 21:04:29.871 INFO  o.s.orm.jpa.LocalContainerEntityManagerFactoryBean - Initialized JPA EntityManagerFactory for persistence unit 'default'
2023-11-23 21:04:30.670 INFO  org.apache.coyote.http11.Http11NioProtocol - Starting ProtocolHandler ["http-nio-8080"]
2023-11-23 21:04:30.683 INFO  o.s.boot.web.embedded.tomcat.TomcatWebServer - Tomcat started on port(s): 8080 (http) with context path ''
2023-11-23 21:04:30.690 INFO  com.campuswindow.CampusWindowApplication - Started CampusWindowApplication in 3.074 seconds (JVM running for 3.859)
2023-11-23 21:04:33.197 INFO  o.a.c.core.ContainerBase.[Tomcat].[localhost].[/] - Initializing Spring DispatcherServlet 'dispatcherServlet'
2023-11-23 21:04:33.198 INFO  org.springframework.web.servlet.DispatcherServlet - Initializing Servlet 'dispatcherServlet'
2023-11-23 21:04:33.198 INFO  org.springframework.web.servlet.DispatcherServlet - Completed initialization in 0 ms
2023-11-23 21:05:50.168 INFO  o.s.orm.jpa.LocalContainerEntityManagerFactoryBean - Closing JPA EntityManagerFactory for persistence unit 'default'
2023-11-23 21:05:50.169 INFO  com.zaxxer.hikari.HikariDataSource - HikariPool-1 - Shutdown initiated...
2023-11-23 21:05:50.172 INFO  com.zaxxer.hikari.HikariDataSource - HikariPool-1 - Shutdown completed.
2023-11-23 21:05:55.033 INFO  com.campuswindow.CampusWindowApplication - Starting CampusWindowApplication using Java 1.8.0_171 on LAPTOP-HLKEH0OA with PID 6212 (D:\WorkSpace\Campus-Window\服务端\Campus-Window\target\classes started by 12412 in D:\WorkSpace\Campus-Window\服务端\Campus-Window)
2023-11-23 21:05:55.033 INFO  org.hibernate.validator.internal.util.Version - HV000001: Hibernate Validator 6.2.5.Final
2023-11-23 21:05:55.035 INFO  com.campuswindow.CampusWindowApplication - No active profile set, falling back to 1 default profile: "default"
2023-11-23 21:05:55.513 INFO  o.s.d.r.config.RepositoryConfigurationDelegate - Bootstrapping Spring Data JPA repositories in DEFAULT mode.
2023-11-23 21:05:55.566 INFO  o.s.d.r.config.RepositoryConfigurationDelegate - Finished Spring Data repository scanning in 46 ms. Found 5 JPA repository interfaces.
2023-11-23 21:05:55.910 INFO  o.s.boot.web.embedded.tomcat.TomcatWebServer - Tomcat initialized with port(s): 8080 (http)
2023-11-23 21:05:55.915 INFO  org.apache.coyote.http11.Http11NioProtocol - Initializing ProtocolHandler ["http-nio-8080"]
2023-11-23 21:05:55.916 INFO  org.apache.catalina.core.StandardService - Starting service [Tomcat]
2023-11-23 21:05:55.916 INFO  org.apache.catalina.core.StandardEngine - Starting Servlet engine: [Apache Tomcat/9.0.82]
2023-11-23 21:05:56.053 INFO  o.a.c.core.ContainerBase.[Tomcat].[localhost].[/] - Initializing Spring embedded WebApplicationContext
2023-11-23 21:05:56.053 INFO  o.s.b.w.s.c.ServletWebServerApplicationContext - Root WebApplicationContext: initialization completed in 994 ms
2023-11-23 21:05:56.144 INFO  org.hibernate.jpa.internal.util.LogHelper - HHH000204: Processing PersistenceUnitInfo [name: default]
2023-11-23 21:05:56.175 INFO  org.hibernate.Version - HHH000412: Hibernate ORM core version 5.6.15.Final
2023-11-23 21:05:56.263 INFO  org.hibernate.annotations.common.Version - HCANN000001: Hibernate Commons Annotations {5.1.2.Final}
2023-11-23 21:05:56.324 INFO  com.zaxxer.hikari.HikariDataSource - HikariPool-1 - Starting...
2023-11-23 21:05:56.623 INFO  com.zaxxer.hikari.HikariDataSource - HikariPool-1 - Start completed.
2023-11-23 21:05:56.631 INFO  org.hibernate.dialect.Dialect - HHH000400: Using dialect: org.hibernate.dialect.MySQL57Dialect
2023-11-23 21:05:57.036 INFO  o.h.e.t.jta.platform.internal.JtaPlatformInitiator - HHH000490: Using JtaPlatform implementation: [org.hibernate.engine.transaction.jta.platform.internal.NoJtaPlatform]
2023-11-23 21:05:57.046 INFO  o.s.orm.jpa.LocalContainerEntityManagerFactoryBean - Initialized JPA EntityManagerFactory for persistence unit 'default'
2023-11-23 21:05:57.877 INFO  org.apache.coyote.http11.Http11NioProtocol - Starting ProtocolHandler ["http-nio-8080"]
2023-11-23 21:05:57.889 INFO  o.s.boot.web.embedded.tomcat.TomcatWebServer - Tomcat started on port(s): 8080 (http) with context path ''
2023-11-23 21:05:57.896 INFO  com.campuswindow.CampusWindowApplication - Started CampusWindowApplication in 3.176 seconds (JVM running for 3.954)
2023-11-23 21:06:02.116 INFO  o.a.c.core.ContainerBase.[Tomcat].[localhost].[/] - Initializing Spring DispatcherServlet 'dispatcherServlet'
2023-11-23 21:06:02.116 INFO  org.springframework.web.servlet.DispatcherServlet - Initializing Servlet 'dispatcherServlet'
2023-11-23 21:06:02.117 INFO  org.springframework.web.servlet.DispatcherServlet - Completed initialization in 0 ms
2023-11-23 21:07:12.762 INFO  o.s.orm.jpa.LocalContainerEntityManagerFactoryBean - Closing JPA EntityManagerFactory for persistence unit 'default'
2023-11-23 21:07:12.764 INFO  com.zaxxer.hikari.HikariDataSource - HikariPool-1 - Shutdown initiated...
2023-11-23 21:07:12.766 INFO  com.zaxxer.hikari.HikariDataSource - HikariPool-1 - Shutdown completed.
2023-11-23 21:07:15.116 INFO  org.hibernate.validator.internal.util.Version - HV000001: Hibernate Validator 6.2.5.Final
2023-11-23 21:07:15.116 INFO  com.campuswindow.CampusWindowApplication - Starting CampusWindowApplication using Java 1.8.0_171 on LAPTOP-HLKEH0OA with PID 2668 (D:\WorkSpace\Campus-Window\服务端\Campus-Window\target\classes started by 12412 in D:\WorkSpace\Campus-Window\服务端\Campus-Window)
2023-11-23 21:07:15.118 INFO  com.campuswindow.CampusWindowApplication - No active profile set, falling back to 1 default profile: "default"
2023-11-23 21:07:15.624 INFO  o.s.d.r.config.RepositoryConfigurationDelegate - Bootstrapping Spring Data JPA repositories in DEFAULT mode.
2023-11-23 21:07:15.679 INFO  o.s.d.r.config.RepositoryConfigurationDelegate - Finished Spring Data repository scanning in 47 ms. Found 5 JPA repository interfaces.
2023-11-23 21:07:16.027 INFO  o.s.boot.web.embedded.tomcat.TomcatWebServer - Tomcat initialized with port(s): 8080 (http)
2023-11-23 21:07:16.032 INFO  org.apache.coyote.http11.Http11NioProtocol - Initializing ProtocolHandler ["http-nio-8080"]
2023-11-23 21:07:16.033 INFO  org.apache.catalina.core.StandardService - Starting service [Tomcat]
2023-11-23 21:07:16.034 INFO  org.apache.catalina.core.StandardEngine - Starting Servlet engine: [Apache Tomcat/9.0.82]
2023-11-23 21:07:16.193 INFO  o.a.c.core.ContainerBase.[Tomcat].[localhost].[/] - Initializing Spring embedded WebApplicationContext
2023-11-23 21:07:16.193 INFO  o.s.b.w.s.c.ServletWebServerApplicationContext - Root WebApplicationContext: initialization completed in 1048 ms
2023-11-23 21:07:16.306 INFO  org.hibernate.jpa.internal.util.LogHelper - HHH000204: Processing PersistenceUnitInfo [name: default]
2023-11-23 21:07:16.337 INFO  org.hibernate.Version - HHH000412: Hibernate ORM core version 5.6.15.Final
2023-11-23 21:07:16.434 INFO  org.hibernate.annotations.common.Version - HCANN000001: Hibernate Commons Annotations {5.1.2.Final}
2023-11-23 21:07:16.501 INFO  com.zaxxer.hikari.HikariDataSource - HikariPool-1 - Starting...
2023-11-23 21:07:16.739 INFO  com.zaxxer.hikari.HikariDataSource - HikariPool-1 - Start completed.
2023-11-23 21:07:16.747 INFO  org.hibernate.dialect.Dialect - HHH000400: Using dialect: org.hibernate.dialect.MySQL57Dialect
2023-11-23 21:07:17.195 INFO  o.h.e.t.jta.platform.internal.JtaPlatformInitiator - HHH000490: Using JtaPlatform implementation: [org.hibernate.engine.transaction.jta.platform.internal.NoJtaPlatform]
2023-11-23 21:07:17.203 INFO  o.s.orm.jpa.LocalContainerEntityManagerFactoryBean - Initialized JPA EntityManagerFactory for persistence unit 'default'
2023-11-23 21:07:18.020 INFO  org.apache.coyote.http11.Http11NioProtocol - Starting ProtocolHandler ["http-nio-8080"]
2023-11-23 21:07:18.033 INFO  o.s.boot.web.embedded.tomcat.TomcatWebServer - Tomcat started on port(s): 8080 (http) with context path ''
2023-11-23 21:07:18.040 INFO  com.campuswindow.CampusWindowApplication - Started CampusWindowApplication in 3.268 seconds (JVM running for 4.05)
2023-11-23 21:08:24.595 INFO  o.s.orm.jpa.LocalContainerEntityManagerFactoryBean - Closing JPA EntityManagerFactory for persistence unit 'default'
2023-11-23 21:08:24.596 INFO  com.zaxxer.hikari.HikariDataSource - HikariPool-1 - Shutdown initiated...
2023-11-23 21:08:24.599 INFO  com.zaxxer.hikari.HikariDataSource - HikariPool-1 - Shutdown completed.
2023-11-23 21:08:26.767 INFO  com.campuswindow.CampusWindowApplication - Starting CampusWindowApplication using Java 1.8.0_171 on LAPTOP-HLKEH0OA with PID 14176 (D:\WorkSpace\Campus-Window\服务端\Campus-Window\target\classes started by 12412 in D:\WorkSpace\Campus-Window\服务端\Campus-Window)
2023-11-23 21:08:26.767 INFO  org.hibernate.validator.internal.util.Version - HV000001: Hibernate Validator 6.2.5.Final
2023-11-23 21:08:26.769 INFO  com.campuswindow.CampusWindowApplication - No active profile set, falling back to 1 default profile: "default"
2023-11-23 21:08:27.233 INFO  o.s.d.r.config.RepositoryConfigurationDelegate - Bootstrapping Spring Data JPA repositories in DEFAULT mode.
2023-11-23 21:08:27.282 INFO  o.s.d.r.config.RepositoryConfigurationDelegate - Finished Spring Data repository scanning in 43 ms. Found 5 JPA repository interfaces.
2023-11-23 21:08:27.606 INFO  o.s.boot.web.embedded.tomcat.TomcatWebServer - Tomcat initialized with port(s): 8080 (http)
2023-11-23 21:08:27.610 INFO  org.apache.coyote.http11.Http11NioProtocol - Initializing ProtocolHandler ["http-nio-8080"]
2023-11-23 21:08:27.611 INFO  org.apache.catalina.core.StandardService - Starting service [Tomcat]
2023-11-23 21:08:27.611 INFO  org.apache.catalina.core.StandardEngine - Starting Servlet engine: [Apache Tomcat/9.0.82]
2023-11-23 21:08:27.745 INFO  o.a.c.core.ContainerBase.[Tomcat].[localhost].[/] - Initializing Spring embedded WebApplicationContext
2023-11-23 21:08:27.745 INFO  o.s.b.w.s.c.ServletWebServerApplicationContext - Root WebApplicationContext: initialization completed in 952 ms
2023-11-23 21:08:27.831 INFO  org.hibernate.jpa.internal.util.LogHelper - HHH000204: Processing PersistenceUnitInfo [name: default]
2023-11-23 21:08:27.860 INFO  org.hibernate.Version - HHH000412: Hibernate ORM core version 5.6.15.Final
2023-11-23 21:08:27.946 INFO  org.hibernate.annotations.common.Version - HCANN000001: Hibernate Commons Annotations {5.1.2.Final}
2023-11-23 21:08:28.007 INFO  com.zaxxer.hikari.HikariDataSource - HikariPool-1 - Starting...
2023-11-23 21:08:28.234 INFO  com.zaxxer.hikari.HikariDataSource - HikariPool-1 - Start completed.
2023-11-23 21:08:28.241 INFO  org.hibernate.dialect.Dialect - HHH000400: Using dialect: org.hibernate.dialect.MySQL57Dialect
2023-11-23 21:08:28.640 INFO  o.h.e.t.jta.platform.internal.JtaPlatformInitiator - HHH000490: Using JtaPlatform implementation: [org.hibernate.engine.transaction.jta.platform.internal.NoJtaPlatform]
2023-11-23 21:08:28.649 INFO  o.s.orm.jpa.LocalContainerEntityManagerFactoryBean - Initialized JPA EntityManagerFactory for persistence unit 'default'
2023-11-23 21:08:29.441 INFO  org.apache.coyote.http11.Http11NioProtocol - Starting ProtocolHandler ["http-nio-8080"]
2023-11-23 21:08:29.453 INFO  o.s.boot.web.embedded.tomcat.TomcatWebServer - Tomcat started on port(s): 8080 (http) with context path ''
2023-11-23 21:08:29.461 INFO  com.campuswindow.CampusWindowApplication - Started CampusWindowApplication in 3.003 seconds (JVM running for 3.748)
2023-11-23 21:09:28.101 INFO  o.s.orm.jpa.LocalContainerEntityManagerFactoryBean - Closing JPA EntityManagerFactory for persistence unit 'default'
2023-11-23 21:09:28.102 INFO  com.zaxxer.hikari.HikariDataSource - HikariPool-1 - Shutdown initiated...
2023-11-23 21:09:28.105 INFO  com.zaxxer.hikari.HikariDataSource - HikariPool-1 - Shutdown completed.
